### command: strace -f -e open java -Dswt.library.path=/usr/lib    -server -XX:+UseG1GC -XX:+DoEscapeAnalysis -XX:+UseCompressedOops -XX:+UseCompressedClassPointers -XX:+HeapDumpOnOutOfMemoryError -XX:ThreadStackSize=1m -XX:InitialHeapSize=4000m -XX:MaxHeapSize=4000m -XX:MetaspaceSize=700m -XX:MaxMetaspaceSize=700m -XX:CompressedClassSpaceSize=100m -XX:InitialCodeCacheSize=300m -XX:ReservedCodeCacheSize=300m -Xverify:none -Dosgi.configuration.area=/home/work/space/none-4.5.0/conf -Dosgi.instance.area=/home/work/space/none-4.5.0/data -Dosgi.user.area=/home/user0/Eclipse -jar /opt/eclipse/plugins/org.eclipse.equinox.launcher_*.jar -clean    

### filter: filter: grep 'open.*lib.*.so' | grep -v 'ENOENT'

### output:

open("/usr/lib/jvm/java-1.8-openjdk/jre/bin/../lib/amd64/jli/libjli.so", O_RDONLY|O_CLOEXEC) = 5
open("/lib/libz.so.1", O_RDONLY|O_CLOEXEC) = 5
open("/usr/lib/jvm/java-1.8-openjdk/jre/bin/../lib/amd64/jli/libjli.so", O_RDONLY|O_CLOEXEC) = 5
open("/lib/libz.so.1", O_RDONLY|O_CLOEXEC) = 5
open("/usr/lib/jvm/java-1.8-openjdk/jre/lib/amd64/server/libjvm.so", O_RDONLY|O_CLOEXEC) = 5
[pid  9515] open("/usr/lib/jvm/java-1.8-openjdk/jre/lib/amd64/server/libjvm.so", O_RDONLY|O_NONBLOCK|O_CLOEXEC|O_PATH) = 5
[pid  9515] open("/usr/lib/jvm/java-1.8-openjdk/jre/lib/amd64/libverify.so", O_RDONLY) = 5
[pid  9515] open("/usr/lib/jvm/java-1.8-openjdk/jre/lib/amd64/libverify.so", O_RDONLY|O_CLOEXEC) = 5
[pid  9515] open("/usr/lib/jvm/java-1.8-openjdk/jre/lib/amd64/server/libjvm.so", O_RDONLY|O_CLOEXEC) = 5
[pid  9515] open("/usr/lib/jvm/java-1.8-openjdk/jre/lib/amd64/libjava.so", O_RDONLY) = 5
[pid  9515] open("/usr/lib/jvm/java-1.8-openjdk/jre/lib/amd64/libjava.so", O_RDONLY|O_CLOEXEC) = 5
[pid  9515] open("/usr/lib/jvm/java-1.8-openjdk/jre/lib/amd64/libverify.so", O_RDONLY|O_CLOEXEC) = 5
[pid  9515] open("/usr/lib/jvm/java-1.8-openjdk/jre/lib/amd64/libzip.so", O_RDONLY) = 5
[pid  9515] open("/usr/lib/jvm/java-1.8-openjdk/jre/lib/amd64/libzip.so", O_RDONLY|O_CLOEXEC) = 5
[pid  9515] open("/usr/lib/jvm/java-1.8-openjdk/jre/lib/amd64/libjava.so", O_RDONLY|O_CLOEXEC) = 5
[pid  9515] open("/usr/lib/jvm/java-1.8-openjdk/jre/lib/amd64/libzip.so", O_RDONLY|O_NONBLOCK|O_CLOEXEC|O_PATH) = 6
[pid  9515] open("/usr/lib/jvm/java-1.8-openjdk/jre/lib/amd64/libzip.so", O_RDONLY) = 6
[pid  9515] open("/usr/lib/jvm/java-1.8-openjdk/jre/lib/amd64/libzip.so", O_RDONLY|O_CLOEXEC) = 6
[pid  9515] open("/usr/lib/jvm/java-1.8-openjdk/jre/lib/resources.jar", O_RDONLY|O_NONBLOCK|O_CLOEXEC|O_PATH) = 16
[pid  9515] open("/usr/lib/jvm/java-1.8-openjdk/jre/lib/amd64/server/libjvm.so", O_RDONLY) = 18
[pid  9515] open("/usr/lib/jvm/java-1.8-openjdk/jre/lib/amd64/server/libjvm.so", O_RDONLY|O_CLOEXEC) = 18
[pid  9515] open("/usr/lib/jvm/java-1.8-openjdk/jre/lib/amd64/server/libjvm.so", O_RDONLY) = 18
[pid  9515] open("/usr/lib/jvm/java-1.8-openjdk/jre/lib/amd64/server/libjvm.so", O_RDONLY|O_CLOEXEC) = 18
[pid  9515] open("/usr/lib/jvm/java-1.8-openjdk/jre/lib/amd64/server/libjvm.so", O_RDONLY) = 18
[pid  9515] open("/usr/lib/jvm/java-1.8-openjdk/jre/lib/amd64/server/libjvm.so", O_RDONLY|O_CLOEXEC) = 18
[pid  9515] open("/usr/lib/jvm/java-1.8-openjdk/jre/lib/amd64/server/libjvm.so", O_RDONLY) = 18
[pid  9515] open("/usr/lib/jvm/java-1.8-openjdk/jre/lib/amd64/server/libjvm.so", O_RDONLY|O_CLOEXEC) = 18
[pid  9515] open("/usr/lib/jvm/java-1.8-openjdk/jre/lib/amd64/libzip.so", O_RDONLY) = 18
[pid  9515] open("/usr/lib/jvm/java-1.8-openjdk/jre/lib/amd64/libzip.so", O_RDONLY|O_CLOEXEC) = 18
[pid  9515] open("/usr/lib/jvm/java-1.8-openjdk/jre/lib/amd64/libzip.so", O_RDONLY) = 18
[pid  9515] open("/usr/lib/jvm/java-1.8-openjdk/jre/lib/amd64/libzip.so", O_RDONLY|O_CLOEXEC) = 18
[pid  9515] open("/usr/lib/jvm/java-1.8-openjdk/jre/lib/amd64/libzip.so", O_RDONLY) = 18
[pid  9515] open("/usr/lib/jvm/java-1.8-openjdk/jre/lib/amd64/libzip.so", O_RDONLY|O_CLOEXEC) = 18
[pid  9515] open("/usr/lib/jvm/java-1.8-openjdk/jre/lib/amd64/libzip.so", O_RDONLY) = 18
[pid  9515] open("/usr/lib/jvm/java-1.8-openjdk/jre/lib/amd64/libzip.so", O_RDONLY|O_CLOEXEC) = 18
[pid  9515] open("/usr/lib/jvm/java-1.8-openjdk/jre/lib/amd64/libnet.so", O_RDONLY|O_NONBLOCK|O_CLOEXEC|O_PATH) = 19
[pid  9515] open("/usr/lib/jvm/java-1.8-openjdk/jre/lib/amd64/libnet.so", O_RDONLY) = 19
[pid  9515] open("/usr/lib/jvm/java-1.8-openjdk/jre/lib/amd64/libnet.so", O_RDONLY|O_CLOEXEC) = 19
[pid  9515] open("/usr/lib/jvm/java-1.8-openjdk/jre/lib/amd64/libnio.so", O_RDONLY) = 19
[pid  9515] open("/usr/lib/jvm/java-1.8-openjdk/jre/lib/amd64/libnio.so", O_RDONLY|O_CLOEXEC) = 19
[pid  9515] open("/usr/lib/jvm/java-1.8-openjdk/jre/lib/amd64/libnet.so", O_RDONLY|O_CLOEXEC) = 19
[pid  9515] open("/usr/lib/jvm/java-1.8-openjdk/jre/lib/amd64/libzip.so", O_RDONLY) = 18
[pid  9515] open("/usr/lib/jvm/java-1.8-openjdk/jre/lib/amd64/libzip.so", O_RDONLY|O_CLOEXEC) = 18
[pid  9515] open("/usr/lib/jvm/java-1.8-openjdk/jre/lib/amd64/libzip.so", O_RDONLY) = 18
[pid  9515] open("/usr/lib/jvm/java-1.8-openjdk/jre/lib/amd64/libzip.so", O_RDONLY|O_CLOEXEC) = 18
[pid  9515] open("/usr/lib/jvm/java-1.8-openjdk/jre/lib/amd64/libzip.so", O_RDONLY) = 18
[pid  9515] open("/usr/lib/jvm/java-1.8-openjdk/jre/lib/amd64/libzip.so", O_RDONLY|O_CLOEXEC) = 18
[pid  9515] open("/usr/lib/jvm/java-1.8-openjdk/jre/lib/amd64/libzip.so", O_RDONLY) = 18
[pid  9515] open("/usr/lib/jvm/java-1.8-openjdk/jre/lib/amd64/libzip.so", O_RDONLY|O_CLOEXEC) = 18
[pid  9515] open("/usr/lib/jvm/java-1.8-openjdk/jre/lib/amd64/libzip.so", O_RDONLY) = 18
[pid  9515] open("/usr/lib/jvm/java-1.8-openjdk/jre/lib/amd64/libzip.so", O_RDONLY|O_CLOEXEC) = 18
[pid  9515] open("/usr/lib/jvm/java-1.8-openjdk/jre/lib/amd64/libzip.so", O_RDONLY) = 18
[pid  9515] open("/usr/lib/jvm/java-1.8-openjdk/jre/lib/amd64/libzip.so", O_RDONLY|O_CLOEXEC) = 18
[pid  9515] open("/usr/lib/jvm/java-1.8-openjdk/jre/lib/amd64/libzip.so", O_RDONLY) = 18
[pid  9515] open("/usr/lib/jvm/java-1.8-openjdk/jre/lib/amd64/libzip.so", O_RDONLY|O_CLOEXEC) = 18
[pid  9515] open("/usr/lib/jvm/java-1.8-openjdk/jre/lib/amd64/libzip.so", O_RDONLY) = 18
[pid  9515] open("/usr/lib/jvm/java-1.8-openjdk/jre/lib/amd64/libzip.so", O_RDONLY|O_CLOEXEC) = 18
[pid  9515] open("/usr/lib/jvm/java-1.8-openjdk/jre/lib/amd64/libzip.so", O_RDONLY) = 18
[pid  9515] open("/usr/lib/jvm/java-1.8-openjdk/jre/lib/amd64/libzip.so", O_RDONLY|O_CLOEXEC) = 18
[pid  9515] open("/usr/lib/jvm/java-1.8-openjdk/jre/lib/amd64/libzip.so", O_RDONLY) = 18
[pid  9515] open("/usr/lib/jvm/java-1.8-openjdk/jre/lib/amd64/libzip.so", O_RDONLY|O_CLOEXEC) = 18
[pid  9515] open("/usr/lib/jvm/java-1.8-openjdk/jre/lib/amd64/libzip.so", O_RDONLY) = 18
[pid  9515] open("/usr/lib/jvm/java-1.8-openjdk/jre/lib/amd64/libzip.so", O_RDONLY|O_CLOEXEC) = 18
[pid  9515] open("/usr/lib/jvm/java-1.8-openjdk/jre/lib/amd64/libzip.so", O_RDONLY) = 18
[pid  9515] open("/usr/lib/jvm/java-1.8-openjdk/jre/lib/amd64/libzip.so", O_RDONLY|O_CLOEXEC) = 18
[pid  9515] open("/usr/lib/jvm/java-1.8-openjdk/jre/lib/amd64/libzip.so", O_RDONLY) = 18
[pid  9515] open("/usr/lib/jvm/java-1.8-openjdk/jre/lib/amd64/libzip.so", O_RDONLY|O_CLOEXEC) = 18
[pid  9515] open("/usr/lib/jvm/java-1.8-openjdk/jre/lib/amd64/libzip.so", O_RDONLY) = 18
[pid  9515] open("/usr/lib/jvm/java-1.8-openjdk/jre/lib/amd64/libzip.so", O_RDONLY|O_CLOEXEC) = 18
[pid  9515] open("/usr/lib/jvm/java-1.8-openjdk/jre/lib/amd64/libzip.so", O_RDONLY) = 18
[pid  9515] open("/usr/lib/jvm/java-1.8-openjdk/jre/lib/amd64/libzip.so", O_RDONLY|O_CLOEXEC) = 18
[pid  9515] open("/usr/lib/jvm/java-1.8-openjdk/jre/lib/amd64/libzip.so", O_RDONLY) = 18
[pid  9515] open("/usr/lib/jvm/java-1.8-openjdk/jre/lib/amd64/libzip.so", O_RDONLY|O_CLOEXEC) = 18
[pid  9515] open("/usr/lib/jvm/java-1.8-openjdk/jre/lib/amd64/libzip.so", O_RDONLY) = 18
[pid  9515] open("/usr/lib/jvm/java-1.8-openjdk/jre/lib/amd64/libzip.so", O_RDONLY|O_CLOEXEC) = 18
[pid  9515] open("/usr/lib/jvm/java-1.8-openjdk/jre/lib/amd64/libzip.so", O_RDONLY) = 18
[pid  9515] open("/usr/lib/jvm/java-1.8-openjdk/jre/lib/amd64/libzip.so", O_RDONLY|O_CLOEXEC) = 18
[pid  9515] open("/usr/lib/jvm/java-1.8-openjdk/jre/lib/amd64/libzip.so", O_RDONLY) = 18
[pid  9515] open("/usr/lib/jvm/java-1.8-openjdk/jre/lib/amd64/libzip.so", O_RDONLY|O_CLOEXEC) = 18
[pid  9515] open("/usr/lib/jvm/java-1.8-openjdk/jre/lib/amd64/libzip.so", O_RDONLY) = 18
[pid  9515] open("/usr/lib/jvm/java-1.8-openjdk/jre/lib/amd64/libzip.so", O_RDONLY|O_CLOEXEC) = 18
[pid  9515] open("/usr/lib/jvm/java-1.8-openjdk/jre/lib/amd64/libzip.so", O_RDONLY) = 18
[pid  9515] open("/usr/lib/jvm/java-1.8-openjdk/jre/lib/amd64/libzip.so", O_RDONLY|O_CLOEXEC) = 18
[pid  9515] open("/usr/lib/jvm/java-1.8-openjdk/jre/lib/amd64/libzip.so", O_RDONLY) = 18
[pid  9515] open("/usr/lib/jvm/java-1.8-openjdk/jre/lib/amd64/libzip.so", O_RDONLY|O_CLOEXEC) = 18
[pid  9515] open("/usr/lib/jvm/java-1.8-openjdk/jre/lib/amd64/libzip.so", O_RDONLY) = 18
[pid  9515] open("/usr/lib/jvm/java-1.8-openjdk/jre/lib/amd64/libzip.so", O_RDONLY|O_CLOEXEC) = 18
[pid  9515] open("/usr/lib/jvm/java-1.8-openjdk/jre/lib/amd64/libzip.so", O_RDONLY) = 18
[pid  9515] open("/usr/lib/jvm/java-1.8-openjdk/jre/lib/amd64/libzip.so", O_RDONLY|O_CLOEXEC) = 18
[pid  9515] open("/usr/lib/jvm/java-1.8-openjdk/jre/lib/amd64/libnet.so", O_RDONLY|O_NONBLOCK|O_CLOEXEC|O_PATH) = 18
[pid  9515] open("/usr/lib/jvm/java-1.8-openjdk/jre/lib/amd64/libzip.so", O_RDONLY) = 20
[pid  9515] open("/usr/lib/jvm/java-1.8-openjdk/jre/lib/amd64/libzip.so", O_RDONLY|O_CLOEXEC) = 20
[pid  9515] open("/usr/lib/jvm/java-1.8-openjdk/jre/lib/amd64/libzip.so", O_RDONLY) = 20
[pid  9515] open("/usr/lib/jvm/java-1.8-openjdk/jre/lib/amd64/libzip.so", O_RDONLY|O_CLOEXEC) = 20
[pid  9515] open("/usr/lib/jvm/java-1.8-openjdk/jre/lib/amd64/libzip.so", O_RDONLY) = 20
[pid  9515] open("/usr/lib/jvm/java-1.8-openjdk/jre/lib/amd64/libzip.so", O_RDONLY|O_CLOEXEC) = 20
[pid  9515] open("/usr/lib/jvm/java-1.8-openjdk/jre/lib/amd64/libzip.so", O_RDONLY) = 20
[pid  9515] open("/usr/lib/jvm/java-1.8-openjdk/jre/lib/amd64/libzip.so", O_RDONLY|O_CLOEXEC) = 20
[pid  9515] open("/usr/lib/jvm/java-1.8-openjdk/jre/lib/amd64/libzip.so", O_RDONLY) = 20
[pid  9515] open("/usr/lib/jvm/java-1.8-openjdk/jre/lib/amd64/libzip.so", O_RDONLY|O_CLOEXEC) = 20
[pid  9515] open("/usr/lib/jvm/java-1.8-openjdk/jre/lib/amd64/libzip.so", O_RDONLY) = 20
[pid  9515] open("/usr/lib/jvm/java-1.8-openjdk/jre/lib/amd64/libzip.so", O_RDONLY|O_CLOEXEC) = 20
[pid  9515] open("/usr/lib/jvm/java-1.8-openjdk/jre/lib/amd64/libzip.so", O_RDONLY) = 20
[pid  9515] open("/usr/lib/jvm/java-1.8-openjdk/jre/lib/amd64/libzip.so", O_RDONLY|O_CLOEXEC) = 20
[pid  9515] open("/usr/lib/jvm/java-1.8-openjdk/jre/lib/amd64/libzip.so", O_RDONLY) = 20
[pid  9515] open("/usr/lib/jvm/java-1.8-openjdk/jre/lib/amd64/libzip.so", O_RDONLY|O_CLOEXEC) = 20
[pid  9515] open("/usr/lib/jvm/java-1.8-openjdk/jre/lib/amd64/libzip.so", O_RDONLY) = 20
[pid  9515] open("/usr/lib/jvm/java-1.8-openjdk/jre/lib/amd64/libzip.so", O_RDONLY|O_CLOEXEC) = 20
[pid  9515] open("/usr/lib/jvm/java-1.8-openjdk/jre/lib/amd64/libzip.so", O_RDONLY) = 20
[pid  9515] open("/usr/lib/jvm/java-1.8-openjdk/jre/lib/amd64/libzip.so", O_RDONLY|O_CLOEXEC) = 20
[pid  9515] open("/usr/lib/jvm/java-1.8-openjdk/jre/lib/amd64/libzip.so", O_RDONLY) = 20
[pid  9515] open("/usr/lib/jvm/java-1.8-openjdk/jre/lib/amd64/libzip.so", O_RDONLY|O_CLOEXEC) = 20
[pid  9515] open("/usr/lib/jvm/java-1.8-openjdk/jre/lib/amd64/libzip.so", O_RDONLY) = 20
[pid  9515] open("/usr/lib/jvm/java-1.8-openjdk/jre/lib/amd64/libzip.so", O_RDONLY|O_CLOEXEC) = 20
[pid  9515] open("/usr/lib/jvm/java-1.8-openjdk/jre/lib/amd64/libzip.so", O_RDONLY) = 20
[pid  9515] open("/usr/lib/jvm/java-1.8-openjdk/jre/lib/amd64/libzip.so", O_RDONLY|O_CLOEXEC) = 20
[pid  9515] open("/usr/lib/jvm/java-1.8-openjdk/jre/lib/amd64/libzip.so", O_RDONLY) = 20
[pid  9515] open("/usr/lib/jvm/java-1.8-openjdk/jre/lib/amd64/libzip.so", O_RDONLY|O_CLOEXEC) = 20
[pid  9515] open("/usr/lib/jvm/java-1.8-openjdk/jre/lib/amd64/libzip.so", O_RDONLY) = 20
[pid  9515] open("/usr/lib/jvm/java-1.8-openjdk/jre/lib/amd64/libzip.so", O_RDONLY|O_CLOEXEC) = 20
[pid  9515] open("/usr/lib/jvm/java-1.8-openjdk/jre/lib/amd64/libzip.so", O_RDONLY) = 20
[pid  9515] open("/usr/lib/jvm/java-1.8-openjdk/jre/lib/amd64/libzip.so", O_RDONLY|O_CLOEXEC) = 20
[pid  9515] open("/usr/lib/jvm/java-1.8-openjdk/jre/lib/amd64/server/libjvm.so", O_RDONLY) = 80
[pid  9515] open("/usr/lib/jvm/java-1.8-openjdk/jre/lib/amd64/server/libjvm.so", O_RDONLY|O_CLOEXEC) = 80
[pid  9515] open("/usr/lib/jvm/java-1.8-openjdk/jre/lib/amd64/server/libjvm.so", O_RDONLY) = 80
[pid  9515] open("/usr/lib/jvm/java-1.8-openjdk/jre/lib/amd64/server/libjvm.so", O_RDONLY|O_CLOEXEC) = 80
[pid  9515] open("/usr/lib/jvm/java-1.8-openjdk/jre/lib/amd64/server/libjvm.so", O_RDONLY) = 80
[pid  9515] open("/usr/lib/jvm/java-1.8-openjdk/jre/lib/amd64/server/libjvm.so", O_RDONLY|O_CLOEXEC) = 80
[pid  9515] open("/usr/lib/jvm/java-1.8-openjdk/jre/lib/amd64/server/libjvm.so", O_RDONLY) = 80
[pid  9515] open("/usr/lib/jvm/java-1.8-openjdk/jre/lib/amd64/server/libjvm.so", O_RDONLY|O_CLOEXEC) = 80
[pid  9515] open("/usr/lib/jvm/java-1.8-openjdk/jre/lib/amd64/libzip.so", O_RDONLY) = 66
[pid  9515] open("/usr/lib/jvm/java-1.8-openjdk/jre/lib/amd64/libzip.so", O_RDONLY|O_CLOEXEC) = 66
[pid  9515] open("/usr/lib/jvm/java-1.8-openjdk/jre/lib/amd64/libzip.so", O_RDONLY) = 66
[pid  9515] open("/usr/lib/jvm/java-1.8-openjdk/jre/lib/amd64/libzip.so", O_RDONLY|O_CLOEXEC) = 66
[pid  9515] open("/usr/lib/jvm/java-1.8-openjdk/jre/lib/amd64/libzip.so", O_RDONLY) = 66
[pid  9515] open("/usr/lib/jvm/java-1.8-openjdk/jre/lib/amd64/libzip.so", O_RDONLY|O_CLOEXEC) = 66
[pid  9515] open("/usr/lib/jvm/java-1.8-openjdk/jre/lib/amd64/libzip.so", O_RDONLY) = 66
[pid  9515] open("/usr/lib/jvm/java-1.8-openjdk/jre/lib/amd64/libzip.so", O_RDONLY|O_CLOEXEC) = 66
[pid  9515] open("/usr/lib/jvm/java-1.8-openjdk/jre/lib/amd64/libzip.so", O_RDONLY) = 66
[pid  9515] open("/usr/lib/jvm/java-1.8-openjdk/jre/lib/amd64/libzip.so", O_RDONLY|O_CLOEXEC) = 66
[pid  9515] open("/usr/lib/jvm/java-1.8-openjdk/jre/lib/amd64/libzip.so", O_RDONLY) = 66
[pid  9515] open("/usr/lib/jvm/java-1.8-openjdk/jre/lib/amd64/libzip.so", O_RDONLY|O_CLOEXEC) = 66
[pid  9515] open("/usr/lib/jvm/java-1.8-openjdk/jre/lib/amd64/libzip.so", O_RDONLY) = 66
[pid  9515] open("/usr/lib/jvm/java-1.8-openjdk/jre/lib/amd64/libzip.so", O_RDONLY|O_CLOEXEC) = 66
[pid  9515] open("/usr/lib/jvm/java-1.8-openjdk/jre/lib/amd64/libzip.so", O_RDONLY) = 66
[pid  9515] open("/usr/lib/jvm/java-1.8-openjdk/jre/lib/amd64/libzip.so", O_RDONLY|O_CLOEXEC) = 66
[pid  9515] open("/usr/lib/jvm/java-1.8-openjdk/jre/lib/amd64/libzip.so", O_RDONLY) = 67
[pid  9515] open("/usr/lib/jvm/java-1.8-openjdk/jre/lib/amd64/libzip.so", O_RDONLY|O_CLOEXEC) = 67
[pid  9515] open("/usr/lib/jvm/java-1.8-openjdk/jre/lib/amd64/libzip.so", O_RDONLY) = 67
[pid  9515] open("/usr/lib/jvm/java-1.8-openjdk/jre/lib/amd64/libzip.so", O_RDONLY|O_CLOEXEC) = 67
[pid  9515] open("/usr/lib/jvm/java-1.8-openjdk/jre/lib/amd64/libzip.so", O_RDONLY) = 67
[pid  9515] open("/usr/lib/jvm/java-1.8-openjdk/jre/lib/amd64/libzip.so", O_RDONLY|O_CLOEXEC) = 67
[pid  9515] open("/usr/lib/jvm/java-1.8-openjdk/jre/lib/amd64/libzip.so", O_RDONLY) = 67
[pid  9515] open("/usr/lib/jvm/java-1.8-openjdk/jre/lib/amd64/libzip.so", O_RDONLY|O_CLOEXEC) = 67
[pid  9604] open("/usr/lib/jvm/java-1.8-openjdk/jre/lib/amd64/libzip.so", O_RDONLY <unfinished ...>
[pid  9604] open("/usr/lib/jvm/java-1.8-openjdk/jre/lib/amd64/libzip.so", O_RDONLY|O_CLOEXEC) = 120
[pid  9604] open("/usr/lib/jvm/java-1.8-openjdk/jre/lib/amd64/libzip.so", O_RDONLY) = 120
[pid  9604] open("/usr/lib/jvm/java-1.8-openjdk/jre/lib/amd64/libzip.so", O_RDONLY|O_CLOEXEC) = 120
[pid  9604] open("/usr/lib/jvm/java-1.8-openjdk/jre/lib/amd64/libzip.so", O_RDONLY) = 120
[pid  9604] open("/usr/lib/jvm/java-1.8-openjdk/jre/lib/amd64/libzip.so", O_RDONLY|O_CLOEXEC) = 120
[pid  9604] open("/usr/lib/jvm/java-1.8-openjdk/jre/lib/amd64/libzip.so", O_RDONLY) = 120
[pid  9604] open("/usr/lib/jvm/java-1.8-openjdk/jre/lib/amd64/libzip.so", O_RDONLY|O_CLOEXEC) = 120
[pid  9604] open("/usr/lib/jvm/java-1.8-openjdk/jre/lib/amd64/libzip.so", O_RDONLY) = 120
[pid  9604] open("/usr/lib/jvm/java-1.8-openjdk/jre/lib/amd64/libzip.so", O_RDONLY|O_CLOEXEC) = 120
[pid  9604] open("/usr/lib/jvm/java-1.8-openjdk/jre/lib/amd64/libzip.so", O_RDONLY) = 120
[pid  9604] open("/usr/lib/jvm/java-1.8-openjdk/jre/lib/amd64/libzip.so", O_RDONLY|O_CLOEXEC) = 120
[pid  9604] open("/usr/lib/jvm/java-1.8-openjdk/jre/lib/amd64/libzip.so", O_RDONLY) = 120
[pid  9604] open("/usr/lib/jvm/java-1.8-openjdk/jre/lib/amd64/libzip.so", O_RDONLY|O_CLOEXEC) = 120
[pid  9604] open("/usr/lib/jvm/java-1.8-openjdk/jre/lib/amd64/libzip.so", O_RDONLY) = 120
[pid  9604] open("/usr/lib/jvm/java-1.8-openjdk/jre/lib/amd64/libzip.so", O_RDONLY|O_CLOEXEC) = 120
[pid  9602] open("/usr/lib/jvm/java-1.8-openjdk/jre/lib/amd64/libzip.so", O_RDONLY) = 30
[pid  9602] open("/usr/lib/jvm/java-1.8-openjdk/jre/lib/amd64/libzip.so", O_RDONLY|O_CLOEXEC) = 30
[pid  9602] open("/usr/lib/jvm/java-1.8-openjdk/jre/lib/amd64/libzip.so", O_RDONLY) = 30
[pid  9602] open("/usr/lib/jvm/java-1.8-openjdk/jre/lib/amd64/libzip.so", O_RDONLY|O_CLOEXEC) = 30
[pid  9602] open("/usr/lib/jvm/java-1.8-openjdk/jre/lib/amd64/libzip.so", O_RDONLY) = 30
[pid  9602] open("/usr/lib/jvm/java-1.8-openjdk/jre/lib/amd64/libzip.so", O_RDONLY|O_CLOEXEC) = 30
[pid  9602] open("/usr/lib/jvm/java-1.8-openjdk/jre/lib/amd64/libzip.so", O_RDONLY) = 30
[pid  9602] open("/usr/lib/jvm/java-1.8-openjdk/jre/lib/amd64/libzip.so", O_RDONLY|O_CLOEXEC) = 30
[pid  9515] open("/usr/lib/libswt-gtk-4530.so", O_RDONLY|O_NONBLOCK|O_CLOEXEC|O_PATH) = 99
[pid  9515] open("/usr/lib/libswt-gtk-4530.so", O_RDONLY) = 99
[pid  9515] open("/usr/lib/libswt-gtk-4530.so", O_RDONLY|O_CLOEXEC) = 99
[pid  9515] open("/usr/lib/libswt-pi-gtk-4530.so", O_RDONLY|O_NONBLOCK|O_CLOEXEC|O_PATH) = 99
[pid  9515] open("/usr/lib/libswt-pi-gtk-4530.so", O_RDONLY) = 99
[pid  9515] open("/usr/lib/libswt-pi-gtk-4530.so", O_RDONLY|O_CLOEXEC) = 99
[pid  9515] open("/usr/lib/libgtk-x11-2.0.so.0", O_RDONLY|O_CLOEXEC) = 99
[pid  9515] open("/usr/lib/libgthread-2.0.so.0", O_RDONLY|O_CLOEXEC) = 99
[pid  9515] open("/usr/lib/libXtst.so.6", O_RDONLY|O_CLOEXEC) = 99
[pid  9515] open("/usr/lib/libgdk-x11-2.0.so.0", O_RDONLY|O_CLOEXEC) = 99
[pid  9515] open("/usr/lib/libgmodule-2.0.so.0", O_RDONLY|O_CLOEXEC) = 99
[pid  9515] open("/usr/lib/libpangocairo-1.0.so.0", O_RDONLY|O_CLOEXEC) = 99
[pid  9515] open("/usr/lib/libX11.so.6", O_RDONLY|O_CLOEXEC) = 99
[pid  9515] open("/usr/lib/libXfixes.so.3", O_RDONLY|O_CLOEXEC) = 99
[pid  9515] open("/usr/lib/libatk-1.0.so.0", O_RDONLY|O_CLOEXEC) = 99
[pid  9515] open("/usr/lib/libcairo.so.2", O_RDONLY|O_CLOEXEC) = 99
[pid  9515] open("/usr/lib/libgdk_pixbuf-2.0.so.0", O_RDONLY|O_CLOEXEC) = 99
[pid  9515] open("/usr/lib/libgio-2.0.so.0", O_RDONLY|O_CLOEXEC) = 99
[pid  9515] open("/usr/lib/libpangoft2-1.0.so.0", O_RDONLY|O_CLOEXEC) = 99
[pid  9515] open("/usr/lib/libpango-1.0.so.0", O_RDONLY|O_CLOEXEC) = 99
[pid  9515] open("/usr/lib/libgobject-2.0.so.0", O_RDONLY|O_CLOEXEC) = 99
[pid  9515] open("/usr/lib/libglib-2.0.so.0", O_RDONLY|O_CLOEXEC) = 99
[pid  9515] open("/usr/lib/libintl.so.8", O_RDONLY|O_CLOEXEC) = 99
[pid  9515] open("/usr/lib/libfontconfig.so.1", O_RDONLY|O_CLOEXEC) = 99
[pid  9515] open("/usr/lib/libXext.so.6", O_RDONLY|O_CLOEXEC) = 99
[pid  9515] open("/usr/lib/libXi.so.6", O_RDONLY|O_CLOEXEC) = 99
[pid  9515] open("/usr/lib/libXrender.so.1", O_RDONLY|O_CLOEXEC) = 99
[pid  9515] open("/usr/lib/libXrandr.so.2", O_RDONLY|O_CLOEXEC) = 99
[pid  9515] open("/usr/lib/libXcursor.so.1", O_RDONLY|O_CLOEXEC) = 99
[pid  9515] open("/usr/lib/libXcomposite.so.1", O_RDONLY|O_CLOEXEC) = 99
[pid  9515] open("/usr/lib/libXdamage.so.1", O_RDONLY|O_CLOEXEC) = 99
[pid  9515] open("/usr/lib/libharfbuzz.so.0", O_RDONLY|O_CLOEXEC) = 99
[pid  9515] open("/usr/lib/libfreetype.so.6", O_RDONLY|O_CLOEXEC) = 99
[pid  9515] open("/usr/lib/libxcb.so.1", O_RDONLY|O_CLOEXEC) = 99
[pid  9515] open("/usr/lib/libpixman-1.so.0", O_RDONLY|O_CLOEXEC) = 99
[pid  9515] open("/usr/lib/libpng16.so.16", O_RDONLY|O_CLOEXEC) = 99
[pid  9515] open("/usr/lib/libxcb-shm.so.0", O_RDONLY|O_CLOEXEC) = 99
[pid  9515] open("/usr/lib/libxcb-render.so.0", O_RDONLY|O_CLOEXEC) = 99
[pid  9515] open("/usr/lib/libffi.so.6", O_RDONLY|O_CLOEXEC) = 99
[pid  9515] open("/usr/lib/libpcre.so.1", O_RDONLY|O_CLOEXEC) = 99
[pid  9515] open("/usr/lib/libexpat.so.1", O_RDONLY|O_CLOEXEC) = 99
[pid  9515] open("/usr/lib/libgraphite2.so.3", O_RDONLY|O_CLOEXEC) = 99
[pid  9515] open("/usr/lib/libXau.so.6", O_RDONLY|O_CLOEXEC) = 99
[pid  9515] open("/usr/lib/libXdmcp.so.6", O_RDONLY|O_CLOEXEC) = 99
[pid  9515] open("/usr/lib/libswt-cairo-gtk-4530.so", O_RDONLY|O_NONBLOCK|O_CLOEXEC|O_PATH) = 99
[pid  9515] open("/usr/lib/libswt-cairo-gtk-4530.so", O_RDONLY) = 99
[pid  9515] open("/usr/lib/libswt-cairo-gtk-4530.so", O_RDONLY|O_CLOEXEC) = 99
[pid  9515] open("/usr/lib/gdk-pixbuf-2.0/2.10.0/loaders/libpixbufloader-png.so", O_RDONLY|O_CLOEXEC) = 125
[pid  9515] open("/home/work/space/none-4.5.0/conf/org.eclipse.osgi/97/0/.cp/os/linux/x86_64/libunixfile_1_0_0.so", O_RDONLY|O_NONBLOCK|O_CLOEXEC|O_PATH) = 115
[pid  9515] open("/home/work/space/none-4.5.0/conf/org.eclipse.osgi/97/0/.cp/os/linux/x86_64/libunixfile_1_0_0.so", O_RDONLY) = 115
[pid  9515] open("/home/work/space/none-4.5.0/conf/org.eclipse.osgi/97/0/.cp/os/linux/x86_64/libunixfile_1_0_0.so", O_RDONLY|O_CLOEXEC) = 115
[pid  9515] open("/usr/lib/libswt-gtk-4530.so", O_RDONLY) = 157
[pid  9515] open("/usr/lib/libswt-gtk-4530.so", O_RDONLY|O_CLOEXEC) = 157
[pid  9515] open("/usr/lib/libswt-gtk-4530.so", O_RDONLY) = 157
[pid  9515] open("/usr/lib/libswt-gtk-4530.so", O_RDONLY|O_CLOEXEC) = 157
[pid  9515] open("/usr/lib/libswt-gtk-4530.so", O_RDONLY) = 157
[pid  9515] open("/usr/lib/libswt-gtk-4530.so", O_RDONLY|O_CLOEXEC) = 157
[pid  9515] open("/usr/lib/libswt-gtk-4530.so", O_RDONLY) = 157
[pid  9515] open("/usr/lib/libswt-gtk-4530.so", O_RDONLY|O_CLOEXEC) = 157
[pid  9515] open("/usr/lib/libswt-pi-gtk-4530.so", O_RDONLY) = 157
[pid  9515] open("/usr/lib/libswt-pi-gtk-4530.so", O_RDONLY|O_CLOEXEC) = 157
[pid  9515] open("/usr/lib/libswt-pi-gtk-4530.so", O_RDONLY) = 157
[pid  9515] open("/usr/lib/libswt-pi-gtk-4530.so", O_RDONLY|O_CLOEXEC) = 157
[pid  9515] open("/usr/lib/libswt-pi-gtk-4530.so", O_RDONLY) = 157
[pid  9515] open("/usr/lib/libswt-pi-gtk-4530.so", O_RDONLY|O_CLOEXEC) = 157
[pid  9515] open("/usr/lib/libswt-pi-gtk-4530.so", O_RDONLY) = 157
[pid  9515] open("/usr/lib/libswt-pi-gtk-4530.so", O_RDONLY|O_CLOEXEC) = 157
[pid  9515] open("/usr/lib/libswt-gtk-4530.so", O_RDONLY) = 157
[pid  9515] open("/usr/lib/libswt-gtk-4530.so", O_RDONLY|O_CLOEXEC) = 157
[pid  9515] open("/usr/lib/libswt-gtk-4530.so", O_RDONLY) = 157
[pid  9515] open("/usr/lib/libswt-gtk-4530.so", O_RDONLY|O_CLOEXEC) = 157
[pid  9515] open("/usr/lib/libswt-gtk-4530.so", O_RDONLY) = 157
[pid  9515] open("/usr/lib/libswt-gtk-4530.so", O_RDONLY|O_CLOEXEC) = 157
[pid  9515] open("/usr/lib/libswt-gtk-4530.so", O_RDONLY) = 157
[pid  9515] open("/usr/lib/libswt-gtk-4530.so", O_RDONLY|O_CLOEXEC) = 157
[pid  9515] open("/usr/lib/libswt-pi-gtk-4530.so", O_RDONLY) = 157
[pid  9515] open("/usr/lib/libswt-pi-gtk-4530.so", O_RDONLY|O_CLOEXEC) = 157
[pid  9515] open("/usr/lib/libswt-pi-gtk-4530.so", O_RDONLY) = 157
[pid  9515] open("/usr/lib/libswt-pi-gtk-4530.so", O_RDONLY|O_CLOEXEC) = 157
[pid  9515] open("/usr/lib/libswt-pi-gtk-4530.so", O_RDONLY) = 157
[pid  9515] open("/usr/lib/libswt-pi-gtk-4530.so", O_RDONLY|O_CLOEXEC) = 157
[pid  9515] open("/usr/lib/libswt-pi-gtk-4530.so", O_RDONLY) = 157
[pid  9515] open("/usr/lib/libswt-pi-gtk-4530.so", O_RDONLY|O_CLOEXEC) = 157
[pid  9515] open("/usr/lib/libswt-gtk-4530.so", O_RDONLY) = 157
[pid  9515] open("/usr/lib/libswt-gtk-4530.so", O_RDONLY|O_CLOEXEC) = 157
[pid  9515] open("/usr/lib/libswt-gtk-4530.so", O_RDONLY) = 157
[pid  9515] open("/usr/lib/libswt-gtk-4530.so", O_RDONLY|O_CLOEXEC) = 157
[pid  9515] open("/usr/lib/libswt-gtk-4530.so", O_RDONLY) = 157
[pid  9515] open("/usr/lib/libswt-gtk-4530.so", O_RDONLY|O_CLOEXEC) = 157
[pid  9515] open("/usr/lib/libswt-gtk-4530.so", O_RDONLY) = 157
[pid  9515] open("/usr/lib/libswt-gtk-4530.so", O_RDONLY|O_CLOEXEC) = 157
[pid  9515] open("/usr/lib/libswt-gtk-4530.so", O_RDONLY) = 157
[pid  9515] open("/usr/lib/libswt-gtk-4530.so", O_RDONLY|O_CLOEXEC) = 157
[pid  9515] open("/usr/lib/libswt-gtk-4530.so", O_RDONLY) = 157
[pid  9515] open("/usr/lib/libswt-gtk-4530.so", O_RDONLY|O_CLOEXEC) = 157
[pid  9515] open("/usr/lib/libswt-gtk-4530.so", O_RDONLY) = 157
[pid  9515] open("/usr/lib/libswt-gtk-4530.so", O_RDONLY|O_CLOEXEC) = 157
[pid  9515] open("/usr/lib/libswt-gtk-4530.so", O_RDONLY) = 157
[pid  9515] open("/usr/lib/libswt-gtk-4530.so", O_RDONLY|O_CLOEXEC) = 157
[pid  9515] open("/usr/lib/gdk-pixbuf-2.0/2.10.0/loaders/libpixbufloader-gif.so", O_RDONLY|O_CLOEXEC) = 21
[pid  9515] open("/usr/lib/libswt-atk-gtk-4530.so", O_RDONLY|O_NONBLOCK|O_CLOEXEC|O_PATH) = 24
[pid  9515] open("/usr/lib/libswt-atk-gtk-4530.so", O_RDONLY) = 24
[pid  9515] open("/usr/lib/libswt-atk-gtk-4530.so", O_RDONLY|O_CLOEXEC) = 24
[pid  9515] open("/usr/lib/libswt-atk-gtk-4530.so", O_RDONLY|O_NONBLOCK) = 24
[pid  9515] open("/usr/lib/libswt-atk-gtk.so", O_RDONLY|O_NONBLOCK|O_CLOEXEC|O_PATH) = 24
[pid  9515] open("/usr/lib/libswt-atk-gtk-4530.so", O_RDONLY) = 24
[pid  9515] open("/usr/lib/libswt-atk-gtk-4530.so", O_RDONLY|O_CLOEXEC) = 24
[pid  9515] open("/usr/lib/libswt-atk-gtk-4530.so", O_RDONLY|O_NONBLOCK) = 24
[pid  9515] open("/home/work/space/none-4.5.0/conf/org.eclipse.osgi/748/0/.cp/libswt-atk-gtk-4530.so", O_RDONLY|O_NONBLOCK|O_CLOEXEC|O_PATH) = 24
[pid  9515] open("/home/work/space/none-4.5.0/conf/org.eclipse.osgi/748/0/.cp/libswt-atk-gtk-4530.so", O_RDONLY) = 24
[pid  9515] open("/home/work/space/none-4.5.0/conf/org.eclipse.osgi/748/0/.cp/libswt-atk-gtk-4530.so", O_RDONLY|O_CLOEXEC) = 24
[pid  9515] open("/home/work/space/none-4.5.0/conf/org.eclipse.osgi/748/0/.cp/libswt-atk-gtk-4530.so", O_RDONLY|O_NONBLOCK) = 24
[pid  9515] open("/usr/lib/libswt-atk-gtk.so", O_RDONLY|O_NONBLOCK|O_CLOEXEC|O_PATH) = 24
[pid  9515] open("/usr/lib/libswt-atk-gtk-4530.so", O_RDONLY) = 24
[pid  9515] open("/usr/lib/libswt-atk-gtk-4530.so", O_RDONLY|O_CLOEXEC) = 24
[pid  9515] open("/usr/lib/libswt-atk-gtk-4530.so", O_RDONLY|O_NONBLOCK) = 24
